{"sessionId": "d84fb3", "hypothesisId": "B", "location": "stats.py:_paginate_vhsys", "message": "vhsys_page", "data": {"lixeira": "Nao", "offset": 750, "page_len": 250, "total_so_far": 750, "page_num": 3}, "timestamp": 1781631521818}
{"sessionId": "d84fb3", "hypothesisId": "B", "location": "stats.py:_paginate_vhsys", "message": "vhsys_page", "data": {"lixeira": "Nao", "offset": 1000, "page_len": 250, "total_so_far": 1000, "page_num": 4}, "timestamp": 1781631523193}
{"sessionId": "d84fb3", "hypothesisId": "B", "location": "stats.py:_paginate_vhsys", "message": "vhsys_page", "data": {"lixeira": "Nao", "offset": 1250, "page_len": 228, "total_so_far": 1250, "page_num": 5}, "timestamp": 1781631524539}
{"sessionId": "d84fb3", "hypothesisId": "A", "location": "stats.py:compute_stats", "message": "compute_done", "data": {"tiflux_total": 218, "vhsys_total": 1478, "registered_30d": 0, "inactivated_30d": 0, "tiflux_dormant": null, "dormant_status": "pending"}, "timestamp": 1781631524546}
{"sessionId": "d84fb3", "hypothesisId": "A", "location": "main.py:stats", "message": "stats_request_done", "data": {"elapsed_ms": 8695, "tiflux_total": 218, "vhsys_total": 1478, "tiflux_dormant": null}, "timestamp": 1781631524547}
{"sessionId": "d84fb3", "hypothesisId": "A", "location": "stats.py:_warm_dormant_cache", "message": "dormant_warm_start", "data": {}, "timestamp": 1781631524548}
{"sessionId": "d84fb3", "hypothesisId": "A", "location": "main.py:stats", "message": "stats_request_start", "data": {}, "timestamp": 1781631540481}
{"sessionId": "d84fb3", "hypothesisId": "A", "location": "stats.py:compute_stats", "message": "cache_hit", "data": {"age_s": 24}, "timestamp": 1781631540486}
{"sessionId": "d84fb3", "hypothesisId": "A", "location": "main.py:stats", "message": "stats_request_done", "data": {"elapsed_ms": 5, "tiflux_total": 218, "vhsys_total": 1478, "tiflux_dormant": null}, "timestamp": 1781631540486}
{"sessionId": "d84fb3", "hypothesisId": "H3", "location": "local.py:me:ok", "message": "session user", "data": {"auth_enabled": true, "has_dev_mode": false, "email_domain": "avstecnologia.cloud"}, "timestamp": 1781631556151}
{"sessionId": "d84fb3", "hypothesisId": "H3", "location": "local.py:me:ok", "message": "session user", "data": {"auth_enabled": true, "has_dev_mode": false, "email_domain": "avstecnologia.cloud"}, "timestamp": 1781631556161}
{"sessionId": "d84fb3", "hypothesisId": "A", "location": "main.py:stats", "message": "stats_request_start", "data": {}, "timestamp": 1781631556198}
{"sessionId": "d84fb3", "hypothesisId": "A", "location": "stats.py:compute_stats", "message": "cache_miss_compute_start", "data": {}, "timestamp": 1781631556201}
{"sessionId": "d84fb3", "hypothesisId": "B", "location": "stats.py:_paginate_vhsys", "message": "vhsys_page", "data": {"lixeira": "Nao", "offset": 0, "page_len": 250, "total_so_far": 0, "page_num": 0}, "timestamp": 1781631558209}
{"sessionId": "d84fb3", "hypothesisId": "B", "location": "stats.py:_paginate_vhsys", "message": "vhsys_page", "data": {"lixeira": "Sim", "offset": 0, "page_len": 42, "total_so_far": 0, "page_num": 0}, "timestamp": 1781631558815}
{"sessionId": "d84fb3", "hypothesisId": "B", "location": "stats.py:_paginate_vhsys", "message": "vhsys_page", "data": {"lixeira": "Nao", "offset": 250, "page_len": 250, "total_so_far": 250, "page_num": 1}, "timestamp": 1781631559668}
{"sessionId": "d84fb3", "hypothesisId": "H3", "location": "local.py:me:ok", "message": "session user", "data": {"auth_enabled": true, "has_dev_mode": false, "email_domain": "avstecnologia.cloud"}, "timestamp": 1781631560153}
{"sessionId": "d84fb3", "hypothesisId": "H3", "location": "local.py:me:ok", "message": "session user", "data": {"auth_enabled": true, "has_dev_mode": false, "email_domain": "avstecnologia.cloud"}, "timestamp": 1781631560163}
{"sessionId": "d84fb3", "hypothesisId": "A", "location": "main.py:stats", "message": "stats_request_start", "data": {}, "timestamp": 1781631560204}
{"sessionId": "d84fb3", "hypothesisId": "A", "location": "stats.py:compute_stats", "message": "cache_miss_compute_start", "data": {}, "timestamp": 1781631560207}
{"sessionId": "d84fb3", "hypothesisId": "B", "location": "stats.py:_paginate_vhsys", "message": "vhsys_page", "data": {"lixeira": "Sim", "offset": 0, "page_len": 42, "total_so_far": 0, "page_num": 0}, "timestamp": 1781631561818}
{"sessionId": "d84fb3", "hypothesisId": "B", "location": "stats.py:_paginate_vhsys", "message": "vhsys_page", "data": {"lixeira": "Nao", "offset": 500, "page_len": 250, "total_so_far": 500, "page_num": 2}, "timestamp": 1781631561832}
{"sessionId": "d84fb3", "hypothesisId": "B", "location": "stats.py:_paginate_vhsys", "message": "vhsys_page", "data": {"lixeira": "Nao", "offset": 0, "page_len": 250, "total_so_far": 0, "page_num": 0}, "timestamp": 1781631562288}
{"sessionId": "d84fb3", "hypothesisId": "B", "location": "stats.py:_paginate_vhsys", "message": "vhsys_page", "data": {"lixeira": "Nao", "offset": 250, "page_len": 250, "total_so_far": 250, "page_num": 1}, "timestamp": 1781631563030}
{"sessionId": "d84fb3", "hypothesisId": "B", "location": "stats.py:_paginate_vhsys", "message": "vhsys_page", "data": {"lixeira": "Nao", "offset": 750, "page_len": 250, "total_so_far": 750, "page_num": 3}, "timestamp": 1781631563496}
{"sessionId": "d84fb3", "hypothesisId": "H3", "location": "local.py:me:ok", "message": "session user", "data": {"auth_enabled": true, "has_dev_mode": false, "email_domain": "avstecnologia.cloud"}, "timestamp": 1781631564011}
{"sessionId": "d84fb3", "hypothesisId": "B", "location": "stats.py:_paginate_vhsys", "message": "vhsys_page", "data": {"lixeira": "Nao", "offset": 1000, "page_len": 250, "total_so_far": 1000, "page_num": 4}, "timestamp": 1781631564253}
{"sessionId": "d84fb3", "hypothesisId": "B", "location": "stats.py:_paginate_vhsys", "message": "vhsys_page", "data": {"lixeira": "Nao", "offset": 500, "page_len": 250, "total_so_far": 500, "page_num": 2}, "timestamp": 1781631564770}
{"sessionId": "d84fb3", "hypothesisId": "B", "location": "stats.py:_paginate_vhsys", "message": "vhsys_page", "data": {"lixeira": "Nao", "offset": 750, "page_len": 250, "total_so_far": 750, "page_num": 3}, "timestamp": 1781631565688}
{"sessionId": "d84fb3", "hypothesisId": "B", "location": "stats.py:_paginate_vhsys", "message": "vhsys_page", "data": {"lixeira": "Nao", "offset": 1250, "page_len": 228, "total_so_far": 1250, "page_num": 5}, "timestamp": 1781631566268}
{"sessionId": "d84fb3", "hypothesisId": "A", "location": "stats.py:compute_stats", "message": "compute_done", "data": {"tiflux_total": 218, "vhsys_total": 1478, "registered_30d": 0, "inactivated_30d": 0, "tiflux_dormant": null, "dormant_status": "pending"}, "timestamp": 1781631566271}
{"sessionId": "d84fb3", "hypothesisId": "A", "location": "main.py:stats", "message": "stats_request_done", "data": {"elapsed_ms": 10072, "tiflux_total": 218, "vhsys_total": 1478, "tiflux_dormant": null}, "timestamp": 1781631566271}
{"sessionId": "d84fb3", "hypothesisId": "A", "location": "stats.py:_warm_dormant_cache", "message": "dormant_warm_start", "data": {}, "timestamp": 1781631566273}
{"sessionId": "d84fb3", "hypothesisId": "B", "location": "stats.py:_paginate_vhsys", "message": "vhsys_page", "data": {"lixeira": "Nao", "offset": 1000, "page_len": 250, "total_so_far": 1000, "page_num": 4}, "timestamp": 1781631567343}
{"sessionId": "d84fb3", "hypothesisId": "B", "location": "stats.py:_paginate_vhsys", "message": "vhsys_page", "data": {"lixeira": "Nao", "offset": 1250, "page_len": 228, "total_so_far": 1250, "page_num": 5}, "timestamp": 1781631569239}
{"sessionId": "d84fb3", "hypothesisId": "A", "location": "stats.py:compute_stats", "message": "compute_done", "data": {"tiflux_total": 218, "vhsys_total": 1478, "registered_30d": 0, "inactivated_30d": 0, "tiflux_dormant": null, "dormant_status": "pending"}, "timestamp": 1781631569242}
{"sessionId": "d84fb3", "hypothesisId": "A", "location": "main.py:stats", "message": "stats_request_done", "data": {"elapsed_ms": 9039, "tiflux_total": 218, "vhsys_total": 1478, "tiflux_dormant": null}, "timestamp": 1781631569243}
{"sessionId": "d84fb3", "hypothesisId": "H3", "location": "local.py:me:ok", "message": "session user", "data": {"auth_enabled": true, "has_dev_mode": false, "email_domain": "avstecnologia.cloud"}, "timestamp": 1781631782661}
{"sessionId": "d84fb3", "hypothesisId": "H3", "location": "local.py:me:ok", "message": "session user", "data": {"auth_enabled": true, "has_dev_mode": false, "email_domain": "avstecnologia.cloud"}, "timestamp": 1781631785810}
{"sessionId": "d84fb3", "hypothesisId": "A", "location": "stats.py:_warm_dormant_cache", "message": "dormant_warm_done", "data": {"count": 181}, "timestamp": 1781632156238}
